Using pre-set license
Built from '2020.3/staging' branch; Version is '2020.3.9f1 (108be757e447) revision 1084391'; Using compiler version '192528614'; Build Type 'Release'
OS: 'Windows 10 Pro; OS build 19042.1052; Version 2009; 64bit' Language: 'en' Physical Memory: 32634 MB
BatchMode: 1, IsHumanControllingUs: 0, StartBugReporterOnCrash: 0, Is64bit: 1, IsPro: 0

 COMMAND LINE ARGUMENTS:
D:\Unity_Editors\2020.3.9f1\Editor\Unity.exe
-adb2
-batchMode
-noUpm
-name
AssetImportWorker0
-projectPath
F:/Projects/Unity_Projects/Working_with_Native_Plugins
-logFile
Logs/AssetImportWorker0.log
-srvPort
58197
Successfully changed project path to: F:/Projects/Unity_Projects/Working_with_Native_Plugins
F:/Projects/Unity_Projects/Working_with_Native_Plugins
Using Asset Import Pipeline V2.
Refreshing native plugins compatible for Editor in 24.08 ms, found 0 plugins.
Preloading 0 native plugins for Editor in 0.00 ms.
Initialize engine version: 2020.3.9f1 (108be757e447)
[Subsystems] Discovering subsystems at path D:/Unity_Editors/2020.3.9f1/Editor/Data/Resources/UnitySubsystems
[Subsystems] Discovering subsystems at path F:/Projects/Unity_Projects/Working_with_Native_Plugins/Assets
GfxDevice: creating device client; threaded=0
Direct3D:
    Version:  Direct3D 11.0 [level 11.1]
    Renderer: NVIDIA TITAN RTX (ID=0x1e02)
    Vendor:   
    VRAM:     24276 MB
    Driver:   27.21.14.6259
Initialize mono
Mono path[0] = 'D:/Unity_Editors/2020.3.9f1/Editor/Data/Managed'
Mono path[1] = 'D:/Unity_Editors/2020.3.9f1/Editor/Data/MonoBleedingEdge/lib/mono/unityjit'
Mono config path = 'D:/Unity_Editors/2020.3.9f1/Editor/Data/MonoBleedingEdge/etc'
Using monoOptions --debugger-agent=transport=dt_socket,embedding=1,server=y,suspend=n,address=127.0.0.1:56224
Begin MonoManager ReloadAssembly
Registering precompiled unity dll's ...
Register platform support module: D:/Unity_Editors/2020.3.9f1/Editor/Data/PlaybackEngines/WindowsStandaloneSupport/UnityEditor.WindowsStandalone.Extensions.dll
Registered in 0.000962 seconds.
Native extension for WindowsStandalone target not found
Refreshing native plugins compatible for Editor in 23.20 ms, found 0 plugins.
Preloading 0 native plugins for Editor in 0.00 ms.
Mono: successfully reloaded assembly
- Completed reload, in  0.785 seconds
Platform modules already initialized, skipping
Registering precompiled user dll's ...
Registered in 0.001319 seconds.
Begin MonoManager ReloadAssembly
Native extension for WindowsStandalone target not found
Refreshing native plugins compatible for Editor in 24.32 ms, found 0 plugins.
Preloading 0 native plugins for Editor in 0.00 ms.
Mono: successfully reloaded assembly
- Completed reload, in  1.286 seconds
Platform modules already initialized, skipping
========================================================================
Worker process is ready to serve import requests
Launched and connected shader compiler UnityShaderCompiler.exe after 0.03 seconds
Refreshing native plugins compatible for Editor in 0.23 ms, found 0 plugins.
Preloading 0 native plugins for Editor in 0.00 ms.
Unloading 1559 Unused Serialized files (Serialized files now loaded: 0)
System memory in use before: 80.3 MB.
System memory in use after: 80.4 MB.

Unloading 12 unused Assets to reduce memory usage. Loaded Objects now: 2003.
Total: 1.455800 ms (FindLiveObjects: 0.134000 ms CreateObjectMapping: 0.043900 ms MarkObjects: 1.221600 ms  DeleteObjects: 0.055500 ms)

========================================================================
Received Import Request.
  path: Assets/Scripts/Dll_Test.cs
  artifactKey: Guid(64ebe3fb91a534e4d9f93d1b1ade57f1) Importer(815301076,1909f56bfc062723c751e8b465ee728b)
Start importing Assets/Scripts/Dll_Test.cs using Guid(64ebe3fb91a534e4d9f93d1b1ade57f1) Importer(815301076,1909f56bfc062723c751e8b465ee728b)  -> (artifact id: '377cbf0a9c7342b442f6aebab1bc883d') in 0.051497 seconds
  Import took 0.053605 seconds .

========================================================================
Received Import Request.
  Time since last request: 454.062476 seconds.
  path: Assets/Scripts/Dll_Test.cs
  artifactKey: Guid(64ebe3fb91a534e4d9f93d1b1ade57f1) Importer(815301076,1909f56bfc062723c751e8b465ee728b)
Start importing Assets/Scripts/Dll_Test.cs using Guid(64ebe3fb91a534e4d9f93d1b1ade57f1) Importer(815301076,1909f56bfc062723c751e8b465ee728b)  -> (artifact id: '48a62c56976251ae95232ccc01c4fdf6') in 0.004618 seconds
  Import took 0.007566 seconds .

========================================================================
Received Prepare
Registering precompiled user dll's ...
Registered in 0.001266 seconds.
Begin MonoManager ReloadAssembly
Native extension for WindowsStandalone target not found
Refreshing native plugins compatible for Editor in 0.21 ms, found 0 plugins.
Preloading 0 native plugins for Editor in 0.00 ms.
Mono: successfully reloaded assembly
- Completed reload, in  0.745 seconds
Platform modules already initialized, skipping
Refreshing native plugins compatible for Editor in 0.22 ms, found 0 plugins.
Preloading 0 native plugins for Editor in 0.00 ms.
Unloading 1540 Unused Serialized files (Serialized files now loaded: 0)
System memory in use before: 78.9 MB.
System memory in use after: 79.0 MB.

Unloading 7 unused Assets to reduce memory usage. Loaded Objects now: 2006.
Total: 1.408300 ms (FindLiveObjects: 0.129100 ms CreateObjectMapping: 0.042900 ms MarkObjects: 1.220200 ms  DeleteObjects: 0.015300 ms)

========================================================================
Received Prepare
Refreshing native plugins compatible for Editor in 1.37 ms, found 0 plugins.
Preloading 0 native plugins for Editor in 0.00 ms.
Unloading 5 Unused Serialized files (Serialized files now loaded: 0)
System memory in use before: 48.5 MB.
System memory in use after: 48.6 MB.

Unloading 5 unused Assets to reduce memory usage. Loaded Objects now: 2006.
Total: 1.444700 ms (FindLiveObjects: 0.126000 ms CreateObjectMapping: 0.043400 ms MarkObjects: 1.264500 ms  DeleteObjects: 0.010000 ms)

========================================================================
Received Prepare
Registering precompiled user dll's ...
Registered in 0.001318 seconds.
Begin MonoManager ReloadAssembly
Native extension for WindowsStandalone target not found
Refreshing native plugins compatible for Editor in 0.22 ms, found 0 plugins.
Preloading 0 native plugins for Editor in 0.00 ms.
Mono: successfully reloaded assembly
- Completed reload, in  0.755 seconds
Platform modules already initialized, skipping
Refreshing native plugins compatible for Editor in 0.25 ms, found 0 plugins.
Preloading 0 native plugins for Editor in 0.00 ms.
Unloading 1540 Unused Serialized files (Serialized files now loaded: 0)
System memory in use before: 78.9 MB.
System memory in use after: 79.0 MB.

Unloading 7 unused Assets to reduce memory usage. Loaded Objects now: 2009.
Total: 1.469200 ms (FindLiveObjects: 0.131300 ms CreateObjectMapping: 0.043700 ms MarkObjects: 1.272900 ms  DeleteObjects: 0.020600 ms)

========================================================================
Received Prepare
Refreshing native plugins compatible for Editor in 0.94 ms, found 0 plugins.
Preloading 0 native plugins for Editor in 0.00 ms.
Unloading 5 Unused Serialized files (Serialized files now loaded: 0)
System memory in use before: 48.5 MB.
System memory in use after: 48.6 MB.

Unloading 5 unused Assets to reduce memory usage. Loaded Objects now: 2009.
Total: 1.595500 ms (FindLiveObjects: 0.116200 ms CreateObjectMapping: 0.039000 ms MarkObjects: 1.424100 ms  DeleteObjects: 0.015400 ms)

========================================================================
Received Prepare
Registering precompiled user dll's ...
Registered in 0.001372 seconds.
Begin MonoManager ReloadAssembly
Native extension for WindowsStandalone target not found
Refreshing native plugins compatible for Editor in 0.22 ms, found 0 plugins.
Preloading 0 native plugins for Editor in 0.00 ms.
Mono: successfully reloaded assembly
- Completed reload, in  0.728 seconds
Platform modules already initialized, skipping
Refreshing native plugins compatible for Editor in 0.22 ms, found 0 plugins.
Preloading 0 native plugins for Editor in 0.00 ms.
Unloading 1540 Unused Serialized files (Serialized files now loaded: 0)
System memory in use before: 78.9 MB.
System memory in use after: 79.0 MB.

Unloading 7 unused Assets to reduce memory usage. Loaded Objects now: 2012.
Total: 1.676300 ms (FindLiveObjects: 0.130300 ms CreateObjectMapping: 0.041100 ms MarkObjects: 1.490000 ms  DeleteObjects: 0.014200 ms)

========================================================================
Received Prepare
Refreshing native plugins compatible for Editor in 1.40 ms, found 0 plugins.
Preloading 0 native plugins for Editor in 0.00 ms.
Unloading 5 Unused Serialized files (Serialized files now loaded: 0)
System memory in use before: 48.5 MB.
System memory in use after: 48.7 MB.

Unloading 5 unused Assets to reduce memory usage. Loaded Objects now: 2012.
Total: 1.705600 ms (FindLiveObjects: 0.150000 ms CreateObjectMapping: 0.047800 ms MarkObjects: 1.496100 ms  DeleteObjects: 0.011100 ms)

========================================================================
Received Prepare
Refreshing native plugins compatible for Editor in 0.83 ms, found 0 plugins.
Preloading 0 native plugins for Editor in 0.00 ms.
Unloading 5 Unused Serialized files (Serialized files now loaded: 0)
System memory in use before: 48.5 MB.
System memory in use after: 48.7 MB.

Unloading 5 unused Assets to reduce memory usage. Loaded Objects now: 2012.
Total: 1.512300 ms (FindLiveObjects: 0.115200 ms CreateObjectMapping: 0.038900 ms MarkObjects: 1.348300 ms  DeleteObjects: 0.009300 ms)

========================================================================
Received Prepare
Registering precompiled user dll's ...
Registered in 0.001318 seconds.
Begin MonoManager ReloadAssembly
Native extension for WindowsStandalone target not found
Refreshing native plugins compatible for Editor in 0.22 ms, found 0 plugins.
Preloading 0 native plugins for Editor in 0.00 ms.
Mono: successfully reloaded assembly
- Completed reload, in  0.718 seconds
Platform modules already initialized, skipping
Refreshing native plugins compatible for Editor in 0.22 ms, found 0 plugins.
Preloading 0 native plugins for Editor in 0.00 ms.
Unloading 1540 Unused Serialized files (Serialized files now loaded: 0)
System memory in use before: 78.9 MB.
System memory in use after: 79.1 MB.

Unloading 7 unused Assets to reduce memory usage. Loaded Objects now: 2015.
Total: 1.423600 ms (FindLiveObjects: 0.123500 ms CreateObjectMapping: 0.041500 ms MarkObjects: 1.245700 ms  DeleteObjects: 0.012000 ms)

========================================================================
Received Prepare
Refreshing native plugins compatible for Editor in 0.90 ms, found 0 plugins.
Preloading 0 native plugins for Editor in 0.00 ms.
Unloading 5 Unused Serialized files (Serialized files now loaded: 0)
System memory in use before: 48.6 MB.
System memory in use after: 48.7 MB.

Unloading 5 unused Assets to reduce memory usage. Loaded Objects now: 2015.
Total: 1.625400 ms (FindLiveObjects: 0.118500 ms CreateObjectMapping: 0.040100 ms MarkObjects: 1.453400 ms  DeleteObjects: 0.012500 ms)

========================================================================
Received Prepare
Refreshing native plugins compatible for Editor in 0.83 ms, found 0 plugins.
Preloading 0 native plugins for Editor in 0.00 ms.
Unloading 5 Unused Serialized files (Serialized files now loaded: 0)
System memory in use before: 48.6 MB.
System memory in use after: 48.7 MB.

Unloading 5 unused Assets to reduce memory usage. Loaded Objects now: 2015.
Total: 1.474600 ms (FindLiveObjects: 0.116300 ms CreateObjectMapping: 0.041500 ms MarkObjects: 1.307100 ms  DeleteObjects: 0.009000 ms)

